<?xml version="1.0" encoding="UTF-8"?>
<!-- Generated by org.testng.reporters.JUnitReportReporter -->
<testsuite hostname="Vishals-MacBook-Air-2.local" name="MuMavenProject.Servify360Dasbord.AppTest" tests="1" failures="0" timestamp="12 Oct 2017 07:46:43 GMT" time="0.003" errors="0">
  <testcase name="testApp" time="0.003" classname="MuMavenProject.Servify360Dasbord.AppTest"/>
</testsuite> <!-- MuMavenProject.Servify360Dasbord.AppTest -->
